2025-06-05 13:35:37,830 - __main__ - INFO - === Запуск бота ===
2025-06-05 13:35:37,860 - __main__ - ERROR - === Критическая ошибка при запуске бота: expected 'except' or 'finally' block (bot.py, line 629) ===
2025-06-05 13:36:56,510 - __main__ - INFO - === Запуск бота ===
2025-06-05 13:36:56,554 - __main__ - ERROR - === Критическая ошибка при запуске бота: expected 'except' or 'finally' block (bot.py, line 629) ===
2025-06-05 13:37:34,592 - __main__ - INFO - === Запуск бота ===
2025-06-05 13:37:34,634 - __main__ - ERROR - === Критическая ошибка при запуске бота: expected 'except' or 'finally' block (bot.py, line 629) ===
2025-06-05 13:37:34,638 - __main__ - ERROR - === Подробный трейсбэк: ===
Traceback (most recent call last):
  File "/mnt/c/Users/123/Desktop/my_telegram_bot/bot_launcher.py", line 20, in <module>
    from bot import main
  File "/mnt/c/Users/123/Desktop/my_telegram_bot/bot.py", line 629
    # ПРИНУДИТЕЛЬНО очищаем ВСЕ задачи планировщика
                                                   ^
SyntaxError: expected 'except' or 'finally' block

2025-06-05 13:38:24,856 - __main__ - INFO - === Запуск бота ===
2025-06-05 13:38:25,423 - bot - INFO - === Начало запуска бота ===
2025-06-05 13:38:25,424 - bot - INFO - === Перезагрузка конфига ===
2025-06-05 13:38:25,431 - bot - INFO - === Создание приложения ===
2025-06-05 13:38:25,547 - bot - INFO - === ОЧИСТКА ВСЕХ ЗАДАЧ ===
2025-06-05 13:38:25,548 - bot - INFO - === ВРЕМЯ ИЗ CONFIG.PY ===
2025-06-05 13:38:25,549 - bot - INFO - Утреннее время: 10:33:00+00:00
2025-06-05 13:38:25,550 - bot - INFO - Вечернее время: 10:34:00+00:00
2025-06-05 13:38:25,550 - bot - INFO - Loading existing users and scheduling jobs...
2025-06-05 13:38:25,551 - user_data_manager - INFO - users.json not found. Creating and initializing with {}.
2025-06-05 13:38:25,556 - bot - INFO - === Бот запущен успешно ===
2025-06-05 13:38:25,557 - bot - INFO - === Токен бота: 77598...XD_Yw ===
2025-06-05 13:38:27,081 - apscheduler.scheduler - INFO - Scheduler started
2025-06-05 13:38:27,083 - telegram.ext.Application - INFO - Application started
2025-06-05 13:39:14,435 - __main__ - INFO - === Запуск бота ===
2025-06-05 13:39:14,933 - bot - INFO - === Начало запуска бота ===
2025-06-05 13:39:14,934 - bot - INFO - === Перезагрузка конфига ===
2025-06-05 13:39:14,940 - bot - INFO - === Создание приложения ===
2025-06-05 13:39:15,060 - bot - INFO - === ОЧИСТКА ВСЕХ ЗАДАЧ ===
2025-06-05 13:39:15,061 - bot - INFO - === ВРЕМЯ ИЗ CONFIG.PY ===
2025-06-05 13:39:15,061 - bot - INFO - Утреннее время: 10:33:00+00:00
2025-06-05 13:39:15,062 - bot - INFO - Вечернее время: 10:34:00+00:00
2025-06-05 13:39:15,062 - bot - INFO - Loading existing users and scheduling jobs...
2025-06-05 13:39:15,068 - bot - INFO - === Бот запущен успешно ===
2025-06-05 13:39:15,068 - bot - INFO - === Токен бота: 77598...XD_Yw ===
2025-06-05 13:39:16,290 - apscheduler.scheduler - INFO - Scheduler started
2025-06-05 13:39:16,292 - telegram.ext.Application - INFO - Application started
2025-06-05 13:39:17,183 - telegram.ext.Updater - ERROR - Error while getting Updates: Conflict: terminated by other getUpdates request; make sure that only one bot instance is running
2025-06-05 13:39:17,184 - bot - ERROR - Exception while handling an update: Conflict: terminated by other getUpdates request; make sure that only one bot instance is running
Traceback (most recent call last):
  File "/home/segun/.local/lib/python3.10/site-packages/telegram/ext/_updater.py", line 688, in _network_loop_retry
    if not await action_cb():
  File "/home/segun/.local/lib/python3.10/site-packages/telegram/ext/_updater.py", line 384, in polling_action_cb
    raise exc
  File "/home/segun/.local/lib/python3.10/site-packages/telegram/ext/_updater.py", line 373, in polling_action_cb
    updates = await self.bot.get_updates(
  File "/home/segun/.local/lib/python3.10/site-packages/telegram/ext/_extbot.py", line 558, in get_updates
    updates = await super().get_updates(
  File "/home/segun/.local/lib/python3.10/site-packages/telegram/_bot.py", line 525, in decorator
    result = await func(self, *args, **kwargs)  # skipcq: PYL-E1102
  File "/home/segun/.local/lib/python3.10/site-packages/telegram/_bot.py", line 3584, in get_updates
    await self._post(
  File "/home/segun/.local/lib/python3.10/site-packages/telegram/_bot.py", line 613, in _post
    return await self._do_post(
  File "/home/segun/.local/lib/python3.10/site-packages/telegram/ext/_extbot.py", line 340, in _do_post
    return await super()._do_post(
  File "/home/segun/.local/lib/python3.10/site-packages/telegram/_bot.py", line 641, in _do_post
    return await request.post(
  File "/home/segun/.local/lib/python3.10/site-packages/telegram/request/_baserequest.py", line 200, in post
    result = await self._request_wrapper(
  File "/home/segun/.local/lib/python3.10/site-packages/telegram/request/_baserequest.py", line 381, in _request_wrapper
    raise Conflict(message)
telegram.error.Conflict: Conflict: terminated by other getUpdates request; make sure that only one bot instance is running
2025-06-05 13:39:22,707 - telegram.ext.Updater - ERROR - Error while getting Updates: Conflict: terminated by other getUpdates request; make sure that only one bot instance is running
2025-06-05 13:39:22,708 - bot - ERROR - Exception while handling an update: Conflict: terminated by other getUpdates request; make sure that only one bot instance is running
Traceback (most recent call last):
  File "/home/segun/.local/lib/python3.10/site-packages/telegram/ext/_updater.py", line 688, in _network_loop_retry
    if not await action_cb():
  File "/home/segun/.local/lib/python3.10/site-packages/telegram/ext/_updater.py", line 384, in polling_action_cb
    raise exc
  File "/home/segun/.local/lib/python3.10/site-packages/telegram/ext/_updater.py", line 373, in polling_action_cb
    updates = await self.bot.get_updates(
  File "/home/segun/.local/lib/python3.10/site-packages/telegram/ext/_extbot.py", line 558, in get_updates
    updates = await super().get_updates(
  File "/home/segun/.local/lib/python3.10/site-packages/telegram/_bot.py", line 525, in decorator
    result = await func(self, *args, **kwargs)  # skipcq: PYL-E1102
  File "/home/segun/.local/lib/python3.10/site-packages/telegram/_bot.py", line 3584, in get_updates
    await self._post(
  File "/home/segun/.local/lib/python3.10/site-packages/telegram/_bot.py", line 613, in _post
    return await self._do_post(
  File "/home/segun/.local/lib/python3.10/site-packages/telegram/ext/_extbot.py", line 340, in _do_post
    return await super()._do_post(
  File "/home/segun/.local/lib/python3.10/site-packages/telegram/_bot.py", line 641, in _do_post
    return await request.post(
  File "/home/segun/.local/lib/python3.10/site-packages/telegram/request/_baserequest.py", line 200, in post
    result = await self._request_wrapper(
  File "/home/segun/.local/lib/python3.10/site-packages/telegram/request/_baserequest.py", line 381, in _request_wrapper
    raise Conflict(message)
telegram.error.Conflict: Conflict: terminated by other getUpdates request; make sure that only one bot instance is running
2025-06-05 13:39:24,017 - telegram.ext.Updater - ERROR - Error while getting Updates: Conflict: terminated by other getUpdates request; make sure that only one bot instance is running
2025-06-05 13:39:24,019 - bot - ERROR - Exception while handling an update: Conflict: terminated by other getUpdates request; make sure that only one bot instance is running
Traceback (most recent call last):
  File "/home/segun/.local/lib/python3.10/site-packages/telegram/ext/_updater.py", line 688, in _network_loop_retry
    if not await action_cb():
  File "/home/segun/.local/lib/python3.10/site-packages/telegram/ext/_updater.py", line 384, in polling_action_cb
    raise exc
  File "/home/segun/.local/lib/python3.10/site-packages/telegram/ext/_updater.py", line 373, in polling_action_cb
    updates = await self.bot.get_updates(
  File "/home/segun/.local/lib/python3.10/site-packages/telegram/ext/_extbot.py", line 558, in get_updates
    updates = await super().get_updates(
  File "/home/segun/.local/lib/python3.10/site-packages/telegram/_bot.py", line 525, in decorator
    result = await func(self, *args, **kwargs)  # skipcq: PYL-E1102
  File "/home/segun/.local/lib/python3.10/site-packages/telegram/_bot.py", line 3584, in get_updates
    await self._post(
  File "/home/segun/.local/lib/python3.10/site-packages/telegram/_bot.py", line 613, in _post
    return await self._do_post(
  File "/home/segun/.local/lib/python3.10/site-packages/telegram/ext/_extbot.py", line 340, in _do_post
    return await super()._do_post(
  File "/home/segun/.local/lib/python3.10/site-packages/telegram/_bot.py", line 641, in _do_post
    return await request.post(
  File "/home/segun/.local/lib/python3.10/site-packages/telegram/request/_baserequest.py", line 200, in post
    result = await self._request_wrapper(
  File "/home/segun/.local/lib/python3.10/site-packages/telegram/request/_baserequest.py", line 381, in _request_wrapper
    raise Conflict(message)
telegram.error.Conflict: Conflict: terminated by other getUpdates request; make sure that only one bot instance is running
2025-06-05 13:39:28,278 - telegram.ext.Updater - ERROR - Error while getting Updates: Conflict: terminated by other getUpdates request; make sure that only one bot instance is running
2025-06-05 13:39:28,281 - bot - ERROR - Exception while handling an update: Conflict: terminated by other getUpdates request; make sure that only one bot instance is running
Traceback (most recent call last):
  File "/home/segun/.local/lib/python3.10/site-packages/telegram/ext/_updater.py", line 688, in _network_loop_retry
    if not await action_cb():
  File "/home/segun/.local/lib/python3.10/site-packages/telegram/ext/_updater.py", line 384, in polling_action_cb
    raise exc
  File "/home/segun/.local/lib/python3.10/site-packages/telegram/ext/_updater.py", line 373, in polling_action_cb
    updates = await self.bot.get_updates(
  File "/home/segun/.local/lib/python3.10/site-packages/telegram/ext/_extbot.py", line 558, in get_updates
    updates = await super().get_updates(
  File "/home/segun/.local/lib/python3.10/site-packages/telegram/_bot.py", line 525, in decorator
    result = await func(self, *args, **kwargs)  # skipcq: PYL-E1102
  File "/home/segun/.local/lib/python3.10/site-packages/telegram/_bot.py", line 3584, in get_updates
    await self._post(
  File "/home/segun/.local/lib/python3.10/site-packages/telegram/_bot.py", line 613, in _post
    return await self._do_post(
  File "/home/segun/.local/lib/python3.10/site-packages/telegram/ext/_extbot.py", line 340, in _do_post
    return await super()._do_post(
  File "/home/segun/.local/lib/python3.10/site-packages/telegram/_bot.py", line 641, in _do_post
    return await request.post(
  File "/home/segun/.local/lib/python3.10/site-packages/telegram/request/_baserequest.py", line 200, in post
    result = await self._request_wrapper(
  File "/home/segun/.local/lib/python3.10/site-packages/telegram/request/_baserequest.py", line 381, in _request_wrapper
    raise Conflict(message)
telegram.error.Conflict: Conflict: terminated by other getUpdates request; make sure that only one bot instance is running
2025-06-05 13:39:32,975 - telegram.ext.Updater - ERROR - Error while calling `get_updates` one more time to mark all fetched updates as read: %s. Suppressing error to ensure graceful shutdown. When polling for updates is restarted, updates may be fetched again. Please adjust timeouts via `ApplicationBuilder` or the parameter `get_updates_request` of `Bot`.
Traceback (most recent call last):
  File "/home/segun/.local/lib/python3.10/site-packages/httpx/_transports/default.py", line 66, in map_httpcore_exceptions
    yield
  File "/home/segun/.local/lib/python3.10/site-packages/httpx/_transports/default.py", line 366, in handle_async_request
    resp = await self._pool.handle_async_request(req)
  File "/home/segun/.local/lib/python3.10/site-packages/httpcore/_async/connection_pool.py", line 256, in handle_async_request
    raise exc from None
  File "/home/segun/.local/lib/python3.10/site-packages/httpcore/_async/connection_pool.py", line 236, in handle_async_request
    response = await connection.handle_async_request(
  File "/home/segun/.local/lib/python3.10/site-packages/httpcore/_async/connection.py", line 103, in handle_async_request
    return await self._connection.handle_async_request(request)
  File "/home/segun/.local/lib/python3.10/site-packages/httpcore/_async/http11.py", line 136, in handle_async_request
    raise exc
  File "/home/segun/.local/lib/python3.10/site-packages/httpcore/_async/http11.py", line 106, in handle_async_request
    ) = await self._receive_response_headers(**kwargs)
  File "/home/segun/.local/lib/python3.10/site-packages/httpcore/_async/http11.py", line 177, in _receive_response_headers
    event = await self._receive_event(timeout=timeout)
  File "/home/segun/.local/lib/python3.10/site-packages/httpcore/_async/http11.py", line 217, in _receive_event
    data = await self._network_stream.read(
  File "/home/segun/.local/lib/python3.10/site-packages/httpcore/_backends/anyio.py", line 32, in read
    with map_exceptions(exc_map):
  File "/usr/lib/python3.10/contextlib.py", line 153, in __exit__
    self.gen.throw(typ, value, traceback)
  File "/home/segun/.local/lib/python3.10/site-packages/httpcore/_exceptions.py", line 14, in map_exceptions
    raise to_exc(exc) from exc
httpcore.ReadTimeout

The above exception was the direct cause of the following exception:

Traceback (most recent call last):
  File "/home/segun/.local/lib/python3.10/site-packages/telegram/request/_httpxrequest.py", line 268, in do_request
    res = await self._client.request(
  File "/home/segun/.local/lib/python3.10/site-packages/httpx/_client.py", line 1530, in request
    return await self.send(request, auth=auth, follow_redirects=follow_redirects)
  File "/home/segun/.local/lib/python3.10/site-packages/httpx/_client.py", line 1617, in send
    response = await self._send_handling_auth(
  File "/home/segun/.local/lib/python3.10/site-packages/httpx/_client.py", line 1645, in _send_handling_auth
    response = await self._send_handling_redirects(
  File "/home/segun/.local/lib/python3.10/site-packages/httpx/_client.py", line 1682, in _send_handling_redirects
    response = await self._send_single_request(request)
  File "/home/segun/.local/lib/python3.10/site-packages/httpx/_client.py", line 1719, in _send_single_request
    response = await transport.handle_async_request(request)
  File "/home/segun/.local/lib/python3.10/site-packages/httpx/_transports/default.py", line 365, in handle_async_request
    with map_httpcore_exceptions():
  File "/usr/lib/python3.10/contextlib.py", line 153, in __exit__
    self.gen.throw(typ, value, traceback)
  File "/home/segun/.local/lib/python3.10/site-packages/httpx/_transports/default.py", line 83, in map_httpcore_exceptions
    raise mapped_exc(message) from exc
httpx.ReadTimeout

The above exception was the direct cause of the following exception:

Traceback (most recent call last):
  File "/home/segun/.local/lib/python3.10/site-packages/telegram/ext/_updater.py", line 433, in _get_updates_cleanup
    await self.bot.get_updates(
  File "/home/segun/.local/lib/python3.10/site-packages/telegram/ext/_extbot.py", line 558, in get_updates
    updates = await super().get_updates(
  File "/home/segun/.local/lib/python3.10/site-packages/telegram/_bot.py", line 525, in decorator
    result = await func(self, *args, **kwargs)  # skipcq: PYL-E1102
  File "/home/segun/.local/lib/python3.10/site-packages/telegram/_bot.py", line 3584, in get_updates
    await self._post(
  File "/home/segun/.local/lib/python3.10/site-packages/telegram/_bot.py", line 613, in _post
    return await self._do_post(
  File "/home/segun/.local/lib/python3.10/site-packages/telegram/ext/_extbot.py", line 340, in _do_post
    return await super()._do_post(
  File "/home/segun/.local/lib/python3.10/site-packages/telegram/_bot.py", line 641, in _do_post
    return await request.post(
  File "/home/segun/.local/lib/python3.10/site-packages/telegram/request/_baserequest.py", line 200, in post
    result = await self._request_wrapper(
  File "/home/segun/.local/lib/python3.10/site-packages/telegram/request/_baserequest.py", line 340, in _request_wrapper
    raise exc
  File "/home/segun/.local/lib/python3.10/site-packages/telegram/request/_baserequest.py", line 330, in _request_wrapper
    code, payload = await self.do_request(
  File "/home/segun/.local/lib/python3.10/site-packages/telegram/request/_httpxrequest.py", line 285, in do_request
    raise TimedOut from err
telegram.error.TimedOut: Timed out
2025-06-05 13:39:32,983 - telegram.ext.Application - INFO - Application is stopping. This might take a moment.
2025-06-05 13:39:32,984 - apscheduler.scheduler - INFO - Scheduler has been shut down
2025-06-05 13:39:32,994 - telegram.ext.Application - INFO - Application.stop() complete
2025-06-05 13:39:32,996 - __main__ - INFO - === Бот запущен успешно ===
2025-06-05 13:40:05,650 - telegram.ext.Application - INFO - Application is stopping. This might take a moment.
2025-06-05 13:40:05,651 - apscheduler.scheduler - INFO - Scheduler has been shut down
2025-06-05 13:40:05,663 - telegram.ext.Application - INFO - Application.stop() complete
2025-06-05 13:40:05,665 - __main__ - INFO - === Бот запущен успешно ===
2025-06-05 13:40:12,471 - __main__ - INFO - === Запуск бота ===
2025-06-05 13:40:12,988 - bot - INFO - === Начало запуска бота ===
2025-06-05 13:40:12,989 - bot - INFO - === Перезагрузка конфига ===
2025-06-05 13:40:12,995 - bot - INFO - === Создание приложения ===
2025-06-05 13:40:13,127 - bot - INFO - === ОЧИСТКА ВСЕХ ЗАДАЧ ===
2025-06-05 13:40:13,128 - bot - INFO - === ВРЕМЯ ИЗ CONFIG.PY ===
2025-06-05 13:40:13,129 - bot - INFO - Утреннее время: 10:33:00+00:00
2025-06-05 13:40:13,130 - bot - INFO - Вечернее время: 10:34:00+00:00
2025-06-05 13:40:13,130 - bot - INFO - Loading existing users and scheduling jobs...
2025-06-05 13:40:13,135 - bot - INFO - === Бот запущен успешно ===
2025-06-05 13:40:13,136 - bot - INFO - === Токен бота: 77598...XD_Yw ===
2025-06-05 13:40:14,393 - apscheduler.scheduler - INFO - Scheduler started
2025-06-05 13:40:14,394 - telegram.ext.Application - INFO - Application started
2025-06-05 13:40:32,319 - user_data_manager - INFO - New user created: 5965363034 (GoidaSegun)
2025-06-05 13:40:37,283 - telegram.ext.Application - INFO - Application is stopping. This might take a moment.
2025-06-05 13:40:37,284 - apscheduler.scheduler - INFO - Scheduler has been shut down
2025-06-05 13:40:37,295 - telegram.ext.Application - INFO - Application.stop() complete
2025-06-05 13:40:37,297 - __main__ - INFO - === Бот запущен успешно ===
2025-06-05 13:41:26,843 - __main__ - INFO - === Запуск бота ===
2025-06-05 13:41:27,360 - bot - INFO - === Начало запуска бота ===
2025-06-05 13:41:27,360 - bot - INFO - === Перезагрузка конфига ===
2025-06-05 13:41:27,368 - bot - INFO - === Создание приложения ===
2025-06-05 13:41:27,488 - bot - INFO - === ОЧИСТКА ВСЕХ ЗАДАЧ ===
2025-06-05 13:41:27,489 - bot - INFO - === ВРЕМЯ ИЗ CONFIG.PY ===
2025-06-05 13:41:27,489 - bot - INFO - Утреннее время: 10:33:00+00:00
2025-06-05 13:41:27,490 - bot - INFO - Вечернее время: 10:34:00+00:00
2025-06-05 13:41:27,490 - bot - INFO - Loading existing users and scheduling jobs...
2025-06-05 13:41:27,496 - bot - INFO - === Бот запущен успешно ===
2025-06-05 13:41:27,496 - bot - INFO - === Токен бота: 77598...XD_Yw ===
2025-06-05 13:41:28,918 - apscheduler.scheduler - INFO - Scheduler started
2025-06-05 13:41:28,919 - telegram.ext.Application - INFO - Application started
2025-06-05 13:41:33,572 - user_data_manager - INFO - New user created: 5965363034 (GoidaSegun)
2025-06-05 13:41:36,895 - bot - INFO - === ВРЕМЯ ДЛЯ ПОЛЬЗОВАТЕЛЯ 5965363034 ===
2025-06-05 13:41:36,896 - bot - INFO - Утром: 10:33:00+00:00
2025-06-05 13:41:36,896 - bot - INFO - Вечером: 10:34:00+00:00
2025-06-05 13:41:36,901 - apscheduler.scheduler - INFO - Added job "5965363034_morning" to job store "default"
2025-06-05 13:41:36,901 - bot - INFO - ✅ Создана утренняя задача на 10:33:00+00:00
2025-06-05 13:41:36,904 - apscheduler.scheduler - INFO - Added job "5965363034_evening" to job store "default"
2025-06-05 13:41:36,905 - bot - INFO - ✅ Создана вечерняя задача на 10:34:00+00:00
2025-06-05 13:41:43,864 - apscheduler.scheduler - INFO - Removed job c8a14a99371a4d789281266723452d78
2025-06-05 13:41:43,865 - bot - INFO - Removed job: 5965363034_morning
2025-06-05 13:41:43,866 - apscheduler.scheduler - INFO - Removed job 1004ad7c935e41469bd13beeb63a53ee
2025-06-05 13:41:43,866 - bot - INFO - Removed job: 5965363034_evening
2025-06-05 13:41:50,751 - telegram.ext.Application - INFO - Application is stopping. This might take a moment.
2025-06-05 13:41:50,752 - apscheduler.scheduler - INFO - Scheduler has been shut down
2025-06-05 13:41:50,763 - telegram.ext.Application - INFO - Application.stop() complete
2025-06-05 13:41:50,765 - __main__ - INFO - === Бот запущен успешно ===
2025-06-05 13:42:37,250 - __main__ - INFO - === Запуск бота ===
2025-06-05 13:42:37,797 - bot - INFO - === Начало запуска бота ===
2025-06-05 13:42:37,797 - bot - INFO - === Перезагрузка конфига ===
2025-06-05 13:42:37,804 - bot - INFO - === Создание приложения ===
2025-06-05 13:42:37,931 - bot - INFO - === ОЧИСТКА ВСЕХ ЗАДАЧ ===
2025-06-05 13:42:37,932 - bot - INFO - === ВРЕМЯ ИЗ CONFIG.PY ===
2025-06-05 13:42:37,932 - bot - INFO - Утреннее время: 10:45:00+00:00
2025-06-05 13:42:37,933 - bot - INFO - Вечернее время: 10:46:00+00:00
2025-06-05 13:42:37,934 - bot - INFO - Loading existing users and scheduling jobs...
2025-06-05 13:42:37,939 - bot - INFO - === Бот запущен успешно ===
2025-06-05 13:42:37,940 - bot - INFO - === Токен бота: 77598...XD_Yw ===
2025-06-05 13:42:39,087 - apscheduler.scheduler - INFO - Scheduler started
2025-06-05 13:42:39,088 - telegram.ext.Application - INFO - Application started
2025-06-05 13:42:44,054 - user_data_manager - INFO - New user created: 5965363034 (GoidaSegun)
2025-06-05 13:42:45,798 - bot - INFO - === ВРЕМЯ ДЛЯ ПОЛЬЗОВАТЕЛЯ 5965363034 ===
2025-06-05 13:42:45,799 - bot - INFO - Утром: 10:45:00+00:00
2025-06-05 13:42:45,799 - bot - INFO - Вечером: 10:46:00+00:00
2025-06-05 13:42:45,808 - apscheduler.scheduler - INFO - Added job "5965363034_morning" to job store "default"
2025-06-05 13:42:45,809 - bot - INFO - ✅ Создана утренняя задача на 10:45:00+00:00
2025-06-05 13:42:45,813 - apscheduler.scheduler - INFO - Added job "5965363034_evening" to job store "default"
2025-06-05 13:42:45,814 - bot - INFO - ✅ Создана вечерняя задача на 10:46:00+00:00
2025-06-05 13:45:05,588 - apscheduler.executors.default - WARNING - Run time of job "5965363034_morning (trigger: cron[day_of_week='sun,mon,tue,wed,thu,fri,sat', hour='10', minute='45', second='0'], next run at: 2025-06-06 10:45:00 UTC)" was missed by 0:00:05.587937
2025-06-05 13:45:23,833 - telegram.ext.Application - INFO - Application is stopping. This might take a moment.
2025-06-05 13:45:23,834 - apscheduler.scheduler - INFO - Scheduler has been shut down
2025-06-05 13:45:23,846 - telegram.ext.Application - INFO - Application.stop() complete
2025-06-05 13:45:23,849 - __main__ - INFO - === Бот запущен успешно ===
2025-06-05 13:47:43,967 - __main__ - INFO - === Запуск бота ===
2025-06-05 13:47:44,521 - bot - INFO - === Начало запуска бота ===
2025-06-05 13:47:44,521 - bot - INFO - === Перезагрузка конфига ===
2025-06-05 13:47:44,527 - bot - INFO - === Создание приложения ===
2025-06-05 13:47:46,049 - bot - INFO - === ОЧИСТКА ВСЕХ ЗАДАЧ ===
2025-06-05 13:47:46,050 - bot - INFO - === ВРЕМЯ ИЗ CONFIG.PY ===
2025-06-05 13:47:46,051 - bot - INFO - Утреннее время: 10:50:00+00:00
2025-06-05 13:47:46,051 - bot - INFO - Вечернее время: 10:51:00+00:00
2025-06-05 13:47:46,052 - bot - INFO - Loading existing users and scheduling jobs...
2025-06-05 13:47:46,056 - bot - INFO - === Бот запущен успешно ===
2025-06-05 13:47:46,057 - bot - INFO - === Токен бота: 77598...XD_Yw ===
2025-06-05 13:47:47,518 - apscheduler.scheduler - INFO - Scheduler started
2025-06-05 13:47:47,520 - telegram.ext.Application - INFO - Application started
2025-06-05 13:47:52,433 - user_data_manager - INFO - New user created: 5965363034 (GoidaSegun)
2025-06-05 13:47:54,798 - bot - INFO - === ВРЕМЯ ДЛЯ ПОЛЬЗОВАТЕЛЯ 5965363034 ===
2025-06-05 13:47:54,799 - bot - INFO - Утром: 10:50:00+00:00
2025-06-05 13:47:54,800 - bot - INFO - Вечером: 10:51:00+00:00
2025-06-05 13:47:54,804 - apscheduler.scheduler - INFO - Added job "5965363034_morning" to job store "default"
2025-06-05 13:47:54,805 - bot - INFO - ✅ Создана утренняя задача на 10:50:00+00:00
2025-06-05 13:47:54,808 - apscheduler.scheduler - INFO - Added job "5965363034_evening" to job store "default"
2025-06-05 13:47:54,809 - bot - INFO - ✅ Создана вечерняя задача на 10:51:00+00:00
2025-06-05 13:50:05,538 - apscheduler.executors.default - WARNING - Run time of job "5965363034_morning (trigger: cron[day_of_week='sun,mon,tue,wed,thu,fri,sat', hour='10', minute='50', second='0'], next run at: 2025-06-06 10:50:00 UTC)" was missed by 0:00:05.538484
2025-06-05 13:50:23,594 - telegram.ext.Application - INFO - Application is stopping. This might take a moment.
2025-06-05 13:50:23,595 - apscheduler.scheduler - INFO - Scheduler has been shut down
2025-06-05 13:50:23,607 - telegram.ext.Application - INFO - Application.stop() complete
2025-06-05 13:50:23,612 - __main__ - INFO - === Бот запущен успешно ===
2025-06-05 13:51:55,720 - __main__ - INFO - === Запуск бота ===
2025-06-05 13:51:56,252 - bot - INFO - === Начало запуска бота ===
2025-06-05 13:51:56,252 - bot - INFO - === Перезагрузка конфига ===
2025-06-05 13:51:56,262 - bot - INFO - === Создание приложения ===
2025-06-05 13:51:56,262 - bot - ERROR - === Критическая ошибка: name 'JobQueue' is not defined ===
2025-06-05 13:51:56,263 - __main__ - ERROR - === Критическая ошибка при запуске бота: name 'JobQueue' is not defined ===
2025-06-05 13:51:56,279 - __main__ - ERROR - === Подробный трейсбэк: ===
Traceback (most recent call last):
  File "/mnt/c/Users/123/Desktop/my_telegram_bot/bot_launcher.py", line 21, in <module>
    main()
  File "/mnt/c/Users/123/Desktop/my_telegram_bot/bot.py", line 619, in main
    custom_job_queue = JobQueue(misfire_grace_time=60)
NameError: name 'JobQueue' is not defined

2025-06-05 13:53:12,749 - __main__ - INFO - === Запуск бота ===
2025-06-05 13:53:13,298 - bot - INFO - === Начало запуска бота ===
2025-06-05 13:53:13,298 - bot - INFO - === Перезагрузка конфига ===
2025-06-05 13:53:13,304 - bot - INFO - === Создание приложения ===
2025-06-05 13:53:13,304 - bot - ERROR - === Критическая ошибка: JobQueue.__init__() got an unexpected keyword argument 'misfire_grace_time' ===
2025-06-05 13:53:13,305 - __main__ - ERROR - === Критическая ошибка при запуске бота: JobQueue.__init__() got an unexpected keyword argument 'misfire_grace_time' ===
2025-06-05 13:53:13,318 - __main__ - ERROR - === Подробный трейсбэк: ===
Traceback (most recent call last):
  File "/mnt/c/Users/123/Desktop/my_telegram_bot/bot_launcher.py", line 21, in <module>
    main()
  File "/mnt/c/Users/123/Desktop/my_telegram_bot/bot.py", line 620, in main
    custom_job_queue = JobQueue(misfire_grace_time=60)
TypeError: JobQueue.__init__() got an unexpected keyword argument 'misfire_grace_time'

2025-06-05 13:54:06,101 - __main__ - INFO - === Запуск бота ===
2025-06-05 13:54:06,623 - bot - INFO - === Начало запуска бота ===
2025-06-05 13:54:06,623 - bot - INFO - === Перезагрузка конфига ===
2025-06-05 13:54:06,629 - bot - INFO - === Создание приложения ===
2025-06-05 13:54:06,759 - bot - INFO - === ОЧИСТКА ВСЕХ ЗАДАЧ ===
2025-06-05 13:54:06,760 - bot - INFO - === ВРЕМЯ ИЗ CONFIG.PY ===
2025-06-05 13:54:06,761 - bot - INFO - Утреннее время: 10:55:00+00:00
2025-06-05 13:54:06,761 - bot - INFO - Вечернее время: 10:56:00+00:00
2025-06-05 13:54:06,762 - bot - INFO - Loading existing users and scheduling jobs...
2025-06-05 13:54:06,766 - bot - INFO - === Бот запущен успешно ===
2025-06-05 13:54:06,767 - bot - INFO - === Токен бота: 77598...XD_Yw ===
2025-06-05 13:54:08,269 - apscheduler.scheduler - INFO - Scheduler started
2025-06-05 13:54:08,270 - telegram.ext.Application - INFO - Application started
2025-06-05 13:54:12,274 - user_data_manager - INFO - New user created: 5965363034 (GoidaSegun)
2025-06-05 13:54:14,916 - bot - INFO - === ВРЕМЯ ДЛЯ ПОЛЬЗОВАТЕЛЯ 5965363034 ===
2025-06-05 13:54:14,917 - bot - INFO - Утром: 10:55:00+00:00
2025-06-05 13:54:14,917 - bot - INFO - Вечером: 10:56:00+00:00
2025-06-05 13:54:14,918 - bot - ERROR - Exception while handling an update: JobQueue.run_daily() got an unexpected keyword argument 'misfire_grace_time'
Traceback (most recent call last):
  File "/home/segun/.local/lib/python3.10/site-packages/telegram/ext/_application.py", line 1234, in process_update
    await coroutine
  File "/home/segun/.local/lib/python3.10/site-packages/telegram/ext/_basehandler.py", line 157, in handle_update
    return await self.callback(update, context)
  File "/mnt/c/Users/123/Desktop/my_telegram_bot/bot.py", line 270, in button_handler
    _schedule_daily_jobs_for_user(chat_id, context.job_queue, user_data)
  File "/mnt/c/Users/123/Desktop/my_telegram_bot/bot.py", line 180, in _schedule_daily_jobs_for_user
    job_queue_instance.run_daily(
TypeError: JobQueue.run_daily() got an unexpected keyword argument 'misfire_grace_time'
2025-06-05 13:54:21,185 - telegram.ext.Application - INFO - Application is stopping. This might take a moment.
2025-06-05 13:54:21,187 - apscheduler.scheduler - INFO - Scheduler has been shut down
2025-06-05 13:54:21,198 - telegram.ext.Application - INFO - Application.stop() complete
2025-06-05 13:54:21,201 - __main__ - INFO - === Бот запущен успешно ===
2025-06-05 13:55:07,780 - __main__ - INFO - === Запуск бота ===
2025-06-05 13:55:08,352 - bot - INFO - === Начало запуска бота ===
2025-06-05 13:55:08,352 - bot - INFO - === Перезагрузка конфига ===
2025-06-05 13:55:08,358 - bot - INFO - === Создание приложения ===
2025-06-05 13:55:08,359 - bot - ERROR - === Критическая ошибка: JobQueue.__init__() got an unexpected keyword argument 'job_defaults' ===
2025-06-05 13:55:08,359 - __main__ - ERROR - === Критическая ошибка при запуске бота: JobQueue.__init__() got an unexpected keyword argument 'job_defaults' ===
2025-06-05 13:55:08,374 - __main__ - ERROR - === Подробный трейсбэк: ===
Traceback (most recent call last):
  File "/mnt/c/Users/123/Desktop/my_telegram_bot/bot_launcher.py", line 21, in <module>
    main()
  File "/mnt/c/Users/123/Desktop/my_telegram_bot/bot.py", line 619, in main
    job_queue = JobQueue(job_defaults=job_defaults)
TypeError: JobQueue.__init__() got an unexpected keyword argument 'job_defaults'

2025-06-05 13:55:38,208 - __main__ - INFO - === Запуск бота ===
2025-06-05 13:55:38,826 - bot - INFO - === Начало запуска бота ===
2025-06-05 13:55:38,827 - bot - INFO - === Перезагрузка конфига ===
2025-06-05 13:55:38,833 - bot - INFO - === Создание приложения ===
2025-06-05 13:55:38,834 - bot - ERROR - === Критическая ошибка: 'ApplicationBuilder' object has no attribute 'job_defaults' ===
2025-06-05 13:55:38,835 - __main__ - ERROR - === Критическая ошибка при запуске бота: 'ApplicationBuilder' object has no attribute 'job_defaults' ===
2025-06-05 13:55:38,852 - __main__ - ERROR - === Подробный трейсбэк: ===
Traceback (most recent call last):
  File "/mnt/c/Users/123/Desktop/my_telegram_bot/bot_launcher.py", line 21, in <module>
    main()
  File "/mnt/c/Users/123/Desktop/my_telegram_bot/bot.py", line 619, in main
    application = Application.builder().token(config.BOT_TOKEN).job_defaults(job_defaults).build()
AttributeError: 'ApplicationBuilder' object has no attribute 'job_defaults'. Did you mean: '_defaults'?

2025-06-05 13:56:13,514 - __main__ - INFO - === Запуск бота ===
2025-06-05 13:56:14,083 - bot - INFO - === Начало запуска бота ===
2025-06-05 13:56:14,084 - bot - INFO - === Перезагрузка конфига ===
2025-06-05 13:56:14,091 - bot - INFO - === Создание приложения ===
2025-06-05 13:56:14,091 - bot - ERROR - === Критическая ошибка: 'DefaultValue' object is not callable ===
2025-06-05 13:56:14,092 - __main__ - ERROR - === Критическая ошибка при запуске бота: 'DefaultValue' object is not callable ===
2025-06-05 13:56:14,105 - __main__ - ERROR - === Подробный трейсбэк: ===
Traceback (most recent call last):
  File "/mnt/c/Users/123/Desktop/my_telegram_bot/bot_launcher.py", line 21, in <module>
    main()
  File "/mnt/c/Users/123/Desktop/my_telegram_bot/bot.py", line 619, in main
    application = Application.builder().token(config.BOT_TOKEN)._defaults(job_defaults).build()
TypeError: 'DefaultValue' object is not callable

2025-06-05 13:57:05,125 - __main__ - INFO - === Запуск бота ===
2025-06-05 13:57:05,869 - bot - INFO - === Начало запуска бота ===
2025-06-05 13:57:05,869 - bot - INFO - === Перезагрузка конфига ===
2025-06-05 13:57:05,879 - bot - INFO - === Создание приложения ===
2025-06-05 13:57:05,880 - bot - ERROR - === Критическая ошибка: Defaults.__init__() got an unexpected keyword argument 'misfire_grace_time' ===
2025-06-05 13:57:05,881 - __main__ - ERROR - === Критическая ошибка при запуске бота: Defaults.__init__() got an unexpected keyword argument 'misfire_grace_time' ===
2025-06-05 13:57:05,897 - __main__ - ERROR - === Подробный трейсбэк: ===
Traceback (most recent call last):
  File "/mnt/c/Users/123/Desktop/my_telegram_bot/bot_launcher.py", line 21, in <module>
    main()
  File "/mnt/c/Users/123/Desktop/my_telegram_bot/bot.py", line 619, in main
    bot_defaults = Defaults(misfire_grace_time=60)
TypeError: Defaults.__init__() got an unexpected keyword argument 'misfire_grace_time'

2025-06-05 14:55:48,681 - __main__ - INFO - === Запуск бота ===
2025-06-05 14:55:50,847 - bot - INFO - === Начало запуска бота ===
2025-06-05 14:55:50,848 - bot - INFO - === Перезагрузка конфига ===
2025-06-05 14:55:50,868 - bot - INFO - === Создание приложения ===
2025-06-05 14:55:50,869 - bot - ERROR - === Критическая ошибка: Defaults.__init__() got an unexpected keyword argument 'misfire_grace_time' ===
2025-06-05 14:55:50,871 - __main__ - ERROR - === Критическая ошибка при запуске бота: Defaults.__init__() got an unexpected keyword argument 'misfire_grace_time' ===
2025-06-05 14:55:50,923 - __main__ - ERROR - === Подробный трейсбэк: ===
Traceback (most recent call last):
  File "/mnt/c/Users/123/Desktop/my_telegram_bot/bot_launcher.py", line 21, in <module>
    main()
  File "/mnt/c/Users/123/Desktop/my_telegram_bot/bot.py", line 619, in main
    bot_defaults = Defaults(misfire_grace_time=60)
TypeError: Defaults.__init__() got an unexpected keyword argument 'misfire_grace_time'

2025-06-05 14:57:18,494 - __main__ - INFO - === Запуск бота ===
2025-06-05 14:57:19,985 - bot - INFO - === Начало запуска бота ===
2025-06-05 14:57:19,986 - bot - INFO - === Перезагрузка конфига ===
2025-06-05 14:57:20,007 - bot - INFO - === Создание приложения ===
2025-06-05 14:57:20,302 - bot - INFO - === ОЧИСТКА ВСЕХ ЗАДАЧ ===
2025-06-05 14:57:20,304 - bot - INFO - === ВРЕМЯ ИЗ CONFIG.PY ===
2025-06-05 14:57:20,308 - bot - INFO - Утреннее время: 11:58:00+00:00
2025-06-05 14:57:20,310 - bot - INFO - Вечернее время: 11:59:00+00:00
2025-06-05 14:57:20,311 - bot - INFO - Loading existing users and scheduling jobs...
2025-06-05 14:57:20,333 - bot - INFO - === Бот запущен успешно ===
2025-06-05 14:57:20,334 - bot - INFO - === Токен бота: 77598...XD_Yw ===
2025-06-05 14:57:22,187 - apscheduler.scheduler - INFO - Scheduler started
2025-06-05 14:57:22,189 - telegram.ext.Application - INFO - Application started
2025-06-05 15:00:32,730 - telegram.ext.Application - INFO - Application is stopping. This might take a moment.
2025-06-05 15:00:32,733 - apscheduler.scheduler - INFO - Scheduler has been shut down
2025-06-05 15:00:32,744 - telegram.ext.Application - INFO - Application.stop() complete
2025-06-05 15:00:32,750 - __main__ - INFO - === Бот запущен успешно ===
2025-06-05 15:00:42,378 - __main__ - INFO - === Запуск бота ===
2025-06-05 15:00:43,627 - bot - INFO - === Начало запуска бота ===
2025-06-05 15:00:43,629 - bot - INFO - === Перезагрузка конфига ===
2025-06-05 15:00:43,648 - bot - INFO - === Создание приложения ===
2025-06-05 15:00:43,913 - bot - INFO - === ОЧИСТКА ВСЕХ ЗАДАЧ ===
2025-06-05 15:00:43,915 - bot - INFO - === ВРЕМЯ ИЗ CONFIG.PY ===
2025-06-05 15:00:43,917 - bot - INFO - Утреннее время: 11:58:00+00:00
2025-06-05 15:00:43,919 - bot - INFO - Вечернее время: 11:59:00+00:00
2025-06-05 15:00:43,922 - bot - INFO - Loading existing users and scheduling jobs...
2025-06-05 15:00:43,944 - bot - INFO - === Бот запущен успешно ===
2025-06-05 15:00:43,945 - bot - INFO - === Токен бота: 77598...XD_Yw ===
2025-06-05 15:00:45,491 - apscheduler.scheduler - INFO - Scheduler started
2025-06-05 15:00:45,493 - telegram.ext.Application - INFO - Application started
2025-06-05 15:03:35,183 - user_data_manager - INFO - New user created: 5965363034 (GoidaSegun)
2025-06-05 15:03:39,677 - bot - INFO - === ВРЕМЯ ДЛЯ ПОЛЬЗОВАТЕЛЯ 5965363034 ===
2025-06-05 15:03:39,679 - bot - INFO - Утром: 11:58:00+00:00
2025-06-05 15:03:39,681 - bot - INFO - Вечером: 11:59:00+00:00
2025-06-05 15:03:39,707 - apscheduler.scheduler - INFO - Added job "5965363034_morning" to job store "default"
2025-06-05 15:03:39,709 - bot - INFO - ✅ Создана утренняя задача на 11:58:00+00:00
2025-06-05 15:03:39,713 - apscheduler.scheduler - INFO - Added job "5965363034_evening" to job store "default"
2025-06-05 15:03:39,716 - bot - INFO - ✅ Создана вечерняя задача на 11:59:00+00:00
2025-06-05 15:05:29,156 - telegram.ext.Application - INFO - Application is stopping. This might take a moment.
2025-06-05 15:05:29,159 - apscheduler.scheduler - INFO - Scheduler has been shut down
2025-06-05 15:05:29,171 - telegram.ext.Application - INFO - Application.stop() complete
2025-06-05 15:05:29,187 - __main__ - INFO - === Бот запущен успешно ===
2025-06-05 15:06:42,363 - __main__ - INFO - === Запуск бота ===
2025-06-05 15:06:44,856 - bot - INFO - === Начало запуска бота ===
2025-06-05 15:06:44,857 - bot - INFO - === Перезагрузка конфига ===
2025-06-05 15:06:44,874 - bot - INFO - === Создание приложения ===
2025-06-05 15:06:45,178 - bot - INFO - === ОЧИСТКА ВСЕХ ЗАДАЧ ===
2025-06-05 15:06:45,180 - bot - INFO - === ВРЕМЯ ИЗ CONFIG.PY ===
2025-06-05 15:06:45,182 - bot - INFO - Утреннее время: 11:58:00+00:00
2025-06-05 15:06:45,183 - bot - INFO - Вечернее время: 11:59:00+00:00
2025-06-05 15:06:45,185 - bot - INFO - Loading existing users and scheduling jobs...
2025-06-05 15:06:45,199 - bot - INFO - === Бот запущен успешно ===
2025-06-05 15:06:45,200 - bot - INFO - === Токен бота: 77598...XD_Yw ===
2025-06-05 15:06:46,770 - apscheduler.scheduler - INFO - Scheduler started
2025-06-05 15:06:46,772 - telegram.ext.Application - INFO - Application started
2025-06-05 15:07:15,182 - user_data_manager - INFO - New user created: 5965363034 (GoidaSegun)
2025-06-05 15:07:24,892 - telegram.ext.Application - INFO - Application is stopping. This might take a moment.
2025-06-05 15:07:24,899 - apscheduler.scheduler - INFO - Scheduler has been shut down
2025-06-05 15:07:24,911 - telegram.ext.Application - INFO - Application.stop() complete
2025-06-05 15:07:24,918 - __main__ - INFO - === Бот запущен успешно ===
2025-06-05 15:08:22,793 - __main__ - INFO - === Запуск бота ===
2025-06-05 15:08:25,929 - bot - INFO - === Начало запуска бота ===
2025-06-05 15:08:25,930 - bot - INFO - === Перезагрузка конфига ===
2025-06-05 15:08:25,946 - bot - INFO - === Создание приложения ===
2025-06-05 15:08:26,264 - bot - INFO - === ОЧИСТКА ВСЕХ ЗАДАЧ ===
2025-06-05 15:08:26,266 - bot - INFO - === ВРЕМЯ ИЗ CONFIG.PY ===
2025-06-05 15:08:26,268 - bot - INFO - Утреннее время: 11:58:00+00:00
2025-06-05 15:08:26,269 - bot - INFO - Вечернее время: 11:59:00+00:00
2025-06-05 15:08:26,270 - bot - INFO - Loading existing users and scheduling jobs...
2025-06-05 15:08:26,284 - bot - INFO - === Бот запущен успешно ===
2025-06-05 15:08:26,285 - bot - INFO - === Токен бота: 77598...XD_Yw ===
2025-06-05 15:08:28,044 - apscheduler.scheduler - INFO - Scheduler started
2025-06-05 15:08:28,050 - telegram.ext.Application - INFO - Application started
2025-06-05 15:08:30,113 - user_data_manager - INFO - New user created: 5965363034 (GoidaSegun)
2025-06-05 15:08:32,379 - bot - INFO - === ВРЕМЯ ДЛЯ ПОЛЬЗОВАТЕЛЯ 5965363034 ===
2025-06-05 15:08:32,380 - bot - INFO - Утром: 11:58:00+00:00
2025-06-05 15:08:32,382 - bot - INFO - Вечером: 11:59:00+00:00
2025-06-05 15:08:32,390 - apscheduler.scheduler - INFO - Added job "5965363034_morning" to job store "default"
2025-06-05 15:08:32,394 - bot - INFO - ✅ Создана утренняя задача на 11:58:00+00:00
2025-06-05 15:08:32,405 - apscheduler.scheduler - INFO - Added job "5965363034_evening" to job store "default"
2025-06-05 15:08:32,409 - bot - INFO - ✅ Создана вечерняя задача на 11:59:00+00:00
2025-06-05 15:08:40,767 - apscheduler.scheduler - INFO - Removed job 852ccbd08afd49b0819841768e30430d
2025-06-05 15:08:40,772 - bot - INFO - Removed job: 5965363034_morning
2025-06-05 15:08:40,775 - apscheduler.scheduler - INFO - Removed job ce142a8f204e406ab3c63f9886dd835c
2025-06-05 15:08:40,776 - bot - INFO - Removed job: 5965363034_evening
2025-06-05 15:09:26,026 - telegram.ext.Application - INFO - Application is stopping. This might take a moment.
2025-06-05 15:09:26,029 - apscheduler.scheduler - INFO - Scheduler has been shut down
2025-06-05 15:09:26,041 - telegram.ext.Application - INFO - Application.stop() complete
2025-06-05 15:09:26,049 - __main__ - INFO - === Бот запущен успешно ===
2025-06-05 15:12:28,464 - __main__ - INFO - === Запуск бота ===
2025-06-05 15:12:31,060 - bot - INFO - === Начало запуска бота ===
2025-06-05 15:12:31,061 - bot - INFO - === Перезагрузка конфига ===
2025-06-05 15:12:31,076 - bot - INFO - === Создание приложения ===
2025-06-05 15:12:31,843 - bot - INFO - === ОЧИСТКА ВСЕХ ЗАДАЧ ===
2025-06-05 15:12:31,844 - bot - INFO - === ВРЕМЯ ИЗ CONFIG.PY ===
2025-06-05 15:12:31,846 - bot - INFO - Утреннее время: 12:15:00+00:00
2025-06-05 15:12:31,847 - bot - INFO - Вечернее время: 12:16:00+00:00
2025-06-05 15:12:31,848 - bot - INFO - Loading existing users and scheduling jobs...
2025-06-05 15:12:31,878 - bot - INFO - === Бот запущен успешно ===
2025-06-05 15:12:31,880 - bot - INFO - === Токен бота: 77598...XD_Yw ===
2025-06-05 15:12:33,458 - apscheduler.scheduler - INFO - Scheduler started
2025-06-05 15:12:33,461 - telegram.ext.Application - INFO - Application started
2025-06-05 15:12:34,588 - user_data_manager - INFO - New user created: 5975258830 (masimbbb)
2025-06-05 15:12:35,127 - user_data_manager - INFO - New user created: 5965363034 (GoidaSegun)
2025-06-05 15:12:39,359 - bot - INFO - === ВРЕМЯ ДЛЯ ПОЛЬЗОВАТЕЛЯ 5965363034 ===
2025-06-05 15:12:39,361 - bot - INFO - Утром: 12:15:00+00:00
2025-06-05 15:12:39,364 - bot - INFO - Вечером: 12:16:00+00:00
2025-06-05 15:12:39,387 - apscheduler.scheduler - INFO - Added job "5965363034_morning" to job store "default"
2025-06-05 15:12:39,388 - bot - INFO - ✅ Создана утренняя задача на 12:15:00+00:00
2025-06-05 15:12:39,409 - apscheduler.scheduler - INFO - Added job "5965363034_evening" to job store "default"
2025-06-05 15:12:39,419 - bot - INFO - ✅ Создана вечерняя задача на 12:16:00+00:00
2025-06-05 15:12:41,229 - bot - INFO - === ВРЕМЯ ДЛЯ ПОЛЬЗОВАТЕЛЯ 5975258830 ===
2025-06-05 15:12:41,229 - bot - INFO - Утром: 12:15:00+00:00
2025-06-05 15:12:41,230 - bot - INFO - Вечером: 12:16:00+00:00
2025-06-05 15:12:41,233 - apscheduler.scheduler - INFO - Added job "5975258830_morning" to job store "default"
2025-06-05 15:12:41,234 - bot - INFO - ✅ Создана утренняя задача на 12:15:00+00:00
2025-06-05 15:12:41,236 - apscheduler.scheduler - INFO - Added job "5975258830_evening" to job store "default"
2025-06-05 15:12:41,237 - bot - INFO - ✅ Создана вечерняя задача на 12:16:00+00:00
2025-06-05 15:15:04,458 - apscheduler.executors.default - INFO - Running job "5965363034_morning (trigger: cron[day_of_week='sun,mon,tue,wed,thu,fri,sat', hour='12', minute='15', second='0'], next run at: 2025-06-06 12:15:00 UTC)" (scheduled at 2025-06-05 12:15:00+00:00)
2025-06-05 15:15:04,460 - apscheduler.executors.default - INFO - Running job "5975258830_morning (trigger: cron[day_of_week='sun,mon,tue,wed,thu,fri,sat', hour='12', minute='15', second='0'], next run at: 2025-06-06 12:15:00 UTC)" (scheduled at 2025-06-05 12:15:00+00:00)
2025-06-05 15:15:08,105 - apscheduler.executors.default - INFO - Job "5975258830_morning (trigger: cron[day_of_week='sun,mon,tue,wed,thu,fri,sat', hour='12', minute='15', second='0'], next run at: 2025-06-06 12:15:00 UTC)" executed successfully
2025-06-05 15:15:08,412 - apscheduler.executors.default - INFO - Job "5965363034_morning (trigger: cron[day_of_week='sun,mon,tue,wed,thu,fri,sat', hour='12', minute='15', second='0'], next run at: 2025-06-06 12:15:00 UTC)" executed successfully
2025-06-05 15:16:02,290 - apscheduler.executors.default - INFO - Running job "5965363034_evening (trigger: cron[day_of_week='sun,mon,tue,wed,thu,fri,sat', hour='12', minute='16', second='0'], next run at: 2025-06-06 12:16:00 UTC)" (scheduled at 2025-06-05 12:16:00+00:00)
2025-06-05 15:16:02,293 - apscheduler.executors.default - INFO - Running job "5975258830_evening (trigger: cron[day_of_week='sun,mon,tue,wed,thu,fri,sat', hour='12', minute='16', second='0'], next run at: 2025-06-06 12:16:00 UTC)" (scheduled at 2025-06-05 12:16:00+00:00)
2025-06-05 15:16:03,561 - apscheduler.executors.default - INFO - Job "5975258830_evening (trigger: cron[day_of_week='sun,mon,tue,wed,thu,fri,sat', hour='12', minute='16', second='0'], next run at: 2025-06-06 12:16:00 UTC)" executed successfully
2025-06-05 15:16:03,944 - apscheduler.executors.default - INFO - Job "5965363034_evening (trigger: cron[day_of_week='sun,mon,tue,wed,thu,fri,sat', hour='12', minute='16', second='0'], next run at: 2025-06-06 12:16:00 UTC)" executed successfully
2025-06-05 15:16:15,767 - telegram.ext.Application - INFO - Application is stopping. This might take a moment.
2025-06-05 15:16:15,776 - apscheduler.scheduler - INFO - Scheduler has been shut down
2025-06-05 15:16:15,786 - telegram.ext.Application - INFO - Application.stop() complete
2025-06-05 15:16:15,803 - __main__ - INFO - === Бот запущен успешно ===
2025-06-05 15:17:17,444 - __main__ - INFO - === Запуск бота ===
2025-06-05 15:17:20,849 - bot - INFO - === Начало запуска бота ===
2025-06-05 15:17:20,853 - bot - INFO - === Перезагрузка конфига ===
2025-06-05 15:17:20,884 - bot - INFO - === Создание приложения ===
2025-06-05 15:17:21,378 - bot - INFO - === ОЧИСТКА ВСЕХ ЗАДАЧ ===
2025-06-05 15:17:21,380 - bot - INFO - === ВРЕМЯ ИЗ CONFIG.PY ===
2025-06-05 15:17:21,381 - bot - INFO - Утреннее время: 12:15:00+00:00
2025-06-05 15:17:21,383 - bot - INFO - Вечернее время: 12:16:00+00:00
2025-06-05 15:17:21,385 - bot - INFO - Loading existing users and scheduling jobs...
2025-06-05 15:17:21,403 - bot - INFO - === ВРЕМЯ ДЛЯ ПОЛЬЗОВАТЕЛЯ 5975258830 ===
2025-06-05 15:17:21,405 - bot - INFO - Утром: 12:15:00+00:00
2025-06-05 15:17:21,407 - bot - INFO - Вечером: 12:16:00+00:00
2025-06-05 15:17:21,432 - apscheduler.scheduler - INFO - Adding job tentatively -- it will be properly scheduled when the scheduler starts
2025-06-05 15:17:21,440 - bot - INFO - ✅ Создана утренняя задача на 12:15:00+00:00
2025-06-05 15:17:21,446 - apscheduler.scheduler - INFO - Adding job tentatively -- it will be properly scheduled when the scheduler starts
2025-06-05 15:17:21,450 - bot - INFO - ✅ Создана вечерняя задача на 12:16:00+00:00
2025-06-05 15:17:21,452 - bot - INFO - === ВРЕМЯ ДЛЯ ПОЛЬЗОВАТЕЛЯ 5965363034 ===
2025-06-05 15:17:21,459 - bot - INFO - Утром: 12:15:00+00:00
2025-06-05 15:17:21,461 - bot - INFO - Вечером: 12:16:00+00:00
2025-06-05 15:17:21,465 - apscheduler.scheduler - INFO - Adding job tentatively -- it will be properly scheduled when the scheduler starts
2025-06-05 15:17:21,468 - bot - INFO - ✅ Создана утренняя задача на 12:15:00+00:00
2025-06-05 15:17:21,474 - apscheduler.scheduler - INFO - Adding job tentatively -- it will be properly scheduled when the scheduler starts
2025-06-05 15:17:21,480 - bot - INFO - ✅ Создана вечерняя задача на 12:16:00+00:00
2025-06-05 15:17:21,485 - bot - INFO - === Бот запущен успешно ===
2025-06-05 15:17:21,487 - bot - INFO - === Токен бота: 77598...XD_Yw ===
2025-06-05 15:17:23,149 - apscheduler.scheduler - INFO - Added job "5975258830_morning" to job store "default"
2025-06-05 15:17:23,151 - apscheduler.scheduler - INFO - Added job "5975258830_evening" to job store "default"
2025-06-05 15:17:23,152 - apscheduler.scheduler - INFO - Added job "5965363034_morning" to job store "default"
2025-06-05 15:17:23,155 - apscheduler.scheduler - INFO - Added job "5965363034_evening" to job store "default"
2025-06-05 15:17:23,155 - apscheduler.scheduler - INFO - Scheduler started
2025-06-05 15:17:23,156 - telegram.ext.Application - INFO - Application started
2025-06-05 15:17:24,429 - apscheduler.scheduler - INFO - Removed job 3ca60473cc564e6083f72ebf0c1ada1a
2025-06-05 15:17:24,433 - bot - INFO - Удалена старая задача: 5965363034_morning
2025-06-05 15:17:24,437 - apscheduler.scheduler - INFO - Removed job 66abf758b6ae4e26a5762ef015f99ba4
2025-06-05 15:17:24,449 - bot - INFO - Удалена старая задача: 5965363034_evening
2025-06-05 15:17:24,455 - bot - INFO - === ВРЕМЯ ДЛЯ ПОЛЬЗОВАТЕЛЯ 5965363034 ===
2025-06-05 15:17:24,468 - bot - INFO - Утром: 12:15:00+00:00
2025-06-05 15:17:24,472 - bot - INFO - Вечером: 12:16:00+00:00
2025-06-05 15:17:24,476 - apscheduler.scheduler - INFO - Added job "5965363034_morning" to job store "default"
2025-06-05 15:17:24,478 - bot - INFO - ✅ Создана утренняя задача на 12:15:00+00:00
2025-06-05 15:17:24,481 - apscheduler.scheduler - INFO - Added job "5965363034_evening" to job store "default"
2025-06-05 15:17:24,483 - bot - INFO - ✅ Создана вечерняя задача на 12:16:00+00:00
2025-06-05 15:18:16,676 - apscheduler.scheduler - INFO - Removed job 0a0a60c7ce754cdb8afd039e36c89db7
2025-06-05 15:18:16,682 - bot - INFO - Удалена старая задача: 5975258830_morning
2025-06-05 15:18:16,687 - apscheduler.scheduler - INFO - Removed job c02a827b92dd465fb74cd69af7703e5f
2025-06-05 15:18:16,692 - bot - INFO - Удалена старая задача: 5975258830_evening
2025-06-05 15:18:16,693 - bot - INFO - === ВРЕМЯ ДЛЯ ПОЛЬЗОВАТЕЛЯ 5975258830 ===
2025-06-05 15:18:16,696 - bot - INFO - Утром: 12:15:00+00:00
2025-06-05 15:18:16,701 - bot - INFO - Вечером: 12:16:00+00:00
2025-06-05 15:18:16,706 - apscheduler.scheduler - INFO - Added job "5975258830_morning" to job store "default"
2025-06-05 15:18:16,708 - bot - INFO - ✅ Создана утренняя задача на 12:15:00+00:00
2025-06-05 15:18:16,711 - apscheduler.scheduler - INFO - Added job "5975258830_evening" to job store "default"
2025-06-05 15:18:16,718 - bot - INFO - ✅ Создана вечерняя задача на 12:16:00+00:00
2025-06-05 15:18:32,571 - telegram.ext.Application - INFO - Application is stopping. This might take a moment.
2025-06-05 15:18:32,574 - apscheduler.scheduler - INFO - Scheduler has been shut down
2025-06-05 15:18:32,584 - telegram.ext.Application - INFO - Application.stop() complete
2025-06-05 15:18:32,590 - __main__ - INFO - === Бот запущен успешно ===
2025-06-05 15:20:21,733 - __main__ - INFO - === Запуск бота ===
2025-06-05 15:20:24,017 - bot - INFO - === Начало запуска бота ===
2025-06-05 15:20:24,018 - bot - INFO - === Перезагрузка конфига ===
2025-06-05 15:20:24,043 - bot - INFO - === Создание приложения ===
2025-06-05 15:20:24,571 - bot - INFO - === ОЧИСТКА ВСЕХ ЗАДАЧ ===
2025-06-05 15:20:24,573 - bot - INFO - === ВРЕМЯ ИЗ CONFIG.PY ===
2025-06-05 15:20:24,574 - bot - INFO - Утреннее время: 12:21:00+00:00
2025-06-05 15:20:24,576 - bot - INFO - Вечернее время: 12:23:00+00:00
2025-06-05 15:20:24,577 - bot - INFO - Loading existing users and scheduling jobs...
2025-06-05 15:20:24,609 - bot - INFO - === ВРЕМЯ ДЛЯ ПОЛЬЗОВАТЕЛЯ 5975258830 ===
2025-06-05 15:20:24,611 - bot - INFO - Утром: 12:21:00+00:00
2025-06-05 15:20:24,613 - bot - INFO - Вечером: 12:23:00+00:00
2025-06-05 15:20:24,635 - apscheduler.scheduler - INFO - Adding job tentatively -- it will be properly scheduled when the scheduler starts
2025-06-05 15:20:24,638 - bot - INFO - ✅ Создана утренняя задача на 12:21:00+00:00
2025-06-05 15:20:24,642 - apscheduler.scheduler - INFO - Adding job tentatively -- it will be properly scheduled when the scheduler starts
2025-06-05 15:20:24,644 - bot - INFO - ✅ Создана вечерняя задача на 12:23:00+00:00
2025-06-05 15:20:24,648 - bot - INFO - === ВРЕМЯ ДЛЯ ПОЛЬЗОВАТЕЛЯ 5965363034 ===
2025-06-05 15:20:24,650 - bot - INFO - Утром: 12:21:00+00:00
2025-06-05 15:20:24,652 - bot - INFO - Вечером: 12:23:00+00:00
2025-06-05 15:20:24,656 - apscheduler.scheduler - INFO - Adding job tentatively -- it will be properly scheduled when the scheduler starts
2025-06-05 15:20:24,657 - bot - INFO - ✅ Создана утренняя задача на 12:21:00+00:00
2025-06-05 15:20:24,662 - apscheduler.scheduler - INFO - Adding job tentatively -- it will be properly scheduled when the scheduler starts
2025-06-05 15:20:24,663 - bot - INFO - ✅ Создана вечерняя задача на 12:23:00+00:00
2025-06-05 15:20:24,667 - bot - INFO - === Бот запущен успешно ===
2025-06-05 15:20:24,672 - bot - INFO - === Токен бота: 77598...XD_Yw ===
2025-06-05 15:20:26,793 - apscheduler.scheduler - INFO - Added job "5975258830_morning" to job store "default"
2025-06-05 15:20:26,796 - apscheduler.scheduler - INFO - Added job "5975258830_evening" to job store "default"
2025-06-05 15:20:26,808 - apscheduler.scheduler - INFO - Added job "5965363034_morning" to job store "default"
2025-06-05 15:20:26,816 - apscheduler.scheduler - INFO - Added job "5965363034_evening" to job store "default"
2025-06-05 15:20:26,825 - apscheduler.scheduler - INFO - Scheduler started
2025-06-05 15:20:26,831 - telegram.ext.Application - INFO - Application started
2025-06-05 15:21:01,184 - apscheduler.executors.default - INFO - Running job "5965363034_morning (trigger: cron[day_of_week='sun,mon,tue,wed,thu,fri,sat', hour='12', minute='21', second='0'], next run at: 2025-06-06 12:21:00 UTC)" (scheduled at 2025-06-05 12:21:00+00:00)
2025-06-05 15:21:01,186 - apscheduler.executors.default - INFO - Running job "5975258830_morning (trigger: cron[day_of_week='sun,mon,tue,wed,thu,fri,sat', hour='12', minute='21', second='0'], next run at: 2025-06-06 12:21:00 UTC)" (scheduled at 2025-06-05 12:21:00+00:00)
2025-06-05 15:21:02,438 - apscheduler.executors.default - INFO - Job "5975258830_morning (trigger: cron[day_of_week='sun,mon,tue,wed,thu,fri,sat', hour='12', minute='21', second='0'], next run at: 2025-06-06 12:21:00 UTC)" executed successfully
2025-06-05 15:21:02,594 - apscheduler.executors.default - INFO - Job "5965363034_morning (trigger: cron[day_of_week='sun,mon,tue,wed,thu,fri,sat', hour='12', minute='21', second='0'], next run at: 2025-06-06 12:21:00 UTC)" executed successfully
2025-06-05 15:23:05,481 - apscheduler.executors.default - INFO - Running job "5965363034_evening (trigger: cron[day_of_week='sun,mon,tue,wed,thu,fri,sat', hour='12', minute='23', second='0'], next run at: 2025-06-06 12:23:00 UTC)" (scheduled at 2025-06-05 12:23:00+00:00)
2025-06-05 15:23:05,483 - apscheduler.executors.default - INFO - Running job "5975258830_evening (trigger: cron[day_of_week='sun,mon,tue,wed,thu,fri,sat', hour='12', minute='23', second='0'], next run at: 2025-06-06 12:23:00 UTC)" (scheduled at 2025-06-05 12:23:00+00:00)
2025-06-05 15:23:07,502 - apscheduler.executors.default - INFO - Job "5975258830_evening (trigger: cron[day_of_week='sun,mon,tue,wed,thu,fri,sat', hour='12', minute='23', second='0'], next run at: 2025-06-06 12:23:00 UTC)" executed successfully
2025-06-05 15:23:08,054 - apscheduler.executors.default - INFO - Job "5965363034_evening (trigger: cron[day_of_week='sun,mon,tue,wed,thu,fri,sat', hour='12', minute='23', second='0'], next run at: 2025-06-06 12:23:00 UTC)" executed successfully
2025-06-05 15:24:01,352 - email_sender - ERROR - Ошибка при отправке email на d-saljuk@rambler.ru: (535, b'5.7.8 Username and Password not accepted. For more information, go to\n5.7.8  https://support.google.com/mail/?p=BadCredentials af79cd13be357-7d09a1a793esm1250347685a.111 - gsmtp')
2025-06-05 15:24:03,916 - bot - ERROR - Exception while handling an update: Can't parse entities: character '(' is reserved and must be escaped with the preceding '\'
Traceback (most recent call last):
  File "/home/segun/.local/lib/python3.10/site-packages/telegram/ext/_application.py", line 1234, in process_update
    await coroutine
  File "/home/segun/.local/lib/python3.10/site-packages/telegram/ext/_basehandler.py", line 157, in handle_update
    return await self.callback(update, context)
  File "/mnt/c/Users/123/Desktop/my_telegram_bot/bot.py", line 538, in handle_potential_email
    await update.message.reply_text(consult_offer_text, reply_markup=reply_markup, parse_mode=ParseMode.MARKDOWN_V2)
  File "/home/segun/.local/lib/python3.10/site-packages/telegram/_message.py", line 1094, in reply_text
    return await self.get_bot().send_message(
  File "/home/segun/.local/lib/python3.10/site-packages/telegram/ext/_extbot.py", line 2624, in send_message
    return await super().send_message(
  File "/home/segun/.local/lib/python3.10/site-packages/telegram/_bot.py", line 525, in decorator
    result = await func(self, *args, **kwargs)  # skipcq: PYL-E1102
  File "/home/segun/.local/lib/python3.10/site-packages/telegram/_bot.py", line 846, in send_message
    return await self._send_message(
  File "/home/segun/.local/lib/python3.10/site-packages/telegram/ext/_extbot.py", line 522, in _send_message
    result = await super()._send_message(
  File "/home/segun/.local/lib/python3.10/site-packages/telegram/_bot.py", line 703, in _send_message
    result = await self._post(
  File "/home/segun/.local/lib/python3.10/site-packages/telegram/_bot.py", line 613, in _post
    return await self._do_post(
  File "/home/segun/.local/lib/python3.10/site-packages/telegram/ext/_extbot.py", line 340, in _do_post
    return await super()._do_post(
  File "/home/segun/.local/lib/python3.10/site-packages/telegram/_bot.py", line 641, in _do_post
    return await request.post(
  File "/home/segun/.local/lib/python3.10/site-packages/telegram/request/_baserequest.py", line 200, in post
    result = await self._request_wrapper(
  File "/home/segun/.local/lib/python3.10/site-packages/telegram/request/_baserequest.py", line 379, in _request_wrapper
    raise BadRequest(message)
telegram.error.BadRequest: Can't parse entities: character '(' is reserved and must be escaped with the preceding '\'
2025-06-05 15:24:44,293 - telegram.ext.Application - INFO - Application is stopping. This might take a moment.
2025-06-05 15:24:44,295 - apscheduler.scheduler - INFO - Scheduler has been shut down
2025-06-05 15:24:44,307 - telegram.ext.Application - INFO - Application.stop() complete
2025-06-05 15:24:44,312 - __main__ - INFO - === Бот запущен успешно ===
2025-06-05 15:33:18,480 - __main__ - INFO - === Запуск бота ===
2025-06-05 15:33:19,582 - bot - INFO - === Начало запуска бота ===
2025-06-05 15:33:19,583 - bot - INFO - === Перезагрузка конфига ===
2025-06-05 15:33:19,604 - bot - INFO - === Создание приложения ===
2025-06-05 15:33:19,904 - bot - INFO - === ОЧИСТКА ВСЕХ ЗАДАЧ ===
2025-06-05 15:33:19,906 - bot - INFO - === ВРЕМЯ ИЗ CONFIG.PY ===
2025-06-05 15:33:19,907 - bot - INFO - Утреннее время: 12:34:00+00:00
2025-06-05 15:33:19,907 - bot - INFO - Вечернее время: 12:35:00+00:00
2025-06-05 15:33:19,908 - bot - INFO - Loading existing users and scheduling jobs...
2025-06-05 15:33:19,924 - bot - INFO - === Бот запущен успешно ===
2025-06-05 15:33:19,925 - bot - INFO - === Токен бота: 77598...XD_Yw ===
2025-06-05 15:33:21,953 - apscheduler.scheduler - INFO - Scheduler started
2025-06-05 15:33:21,956 - telegram.ext.Application - INFO - Application started
2025-06-05 15:33:23,289 - user_data_manager - INFO - New user created: 5975258830 (masimbbb)
2025-06-05 15:33:23,961 - bot - INFO - Sent start video note to user 5975258830
2025-06-05 15:33:27,919 - user_data_manager - INFO - New user created: 5965363034 (GoidaSegun)
2025-06-05 15:33:28,359 - bot - INFO - Sent start video note to user 5965363034
2025-06-05 15:33:31,080 - bot - INFO - Sent start video note to user 5975258830
2025-06-05 15:33:33,324 - bot - INFO - === ВРЕМЯ ДЛЯ ПОЛЬЗОВАТЕЛЯ 5965363034 ===
2025-06-05 15:33:33,326 - bot - INFO - Утром: 12:34:00+00:00
2025-06-05 15:33:33,327 - bot - INFO - Вечером: 12:35:00+00:00
2025-06-05 15:33:33,340 - apscheduler.scheduler - INFO - Added job "5965363034_morning" to job store "default"
2025-06-05 15:33:33,343 - bot - INFO - ✅ Создана утренняя задача на 12:34:00+00:00
2025-06-05 15:33:33,347 - apscheduler.scheduler - INFO - Added job "5965363034_evening" to job store "default"
2025-06-05 15:33:33,352 - bot - INFO - ✅ Создана вечерняя задача на 12:35:00+00:00
2025-06-05 15:34:01,354 - apscheduler.executors.default - INFO - Running job "5965363034_morning (trigger: cron[day_of_week='sun,mon,tue,wed,thu,fri,sat', hour='12', minute='34', second='0'], next run at: 2025-06-06 12:34:00 UTC)" (scheduled at 2025-06-05 12:34:00+00:00)
2025-06-05 15:34:02,624 - apscheduler.executors.default - INFO - Job "5965363034_morning (trigger: cron[day_of_week='sun,mon,tue,wed,thu,fri,sat', hour='12', minute='34', second='0'], next run at: 2025-06-06 12:34:00 UTC)" executed successfully
2025-06-05 15:34:03,121 - bot - INFO - === ВРЕМЯ ДЛЯ ПОЛЬЗОВАТЕЛЯ 5975258830 ===
2025-06-05 15:34:03,123 - bot - INFO - Утром: 12:34:00+00:00
2025-06-05 15:34:03,124 - bot - INFO - Вечером: 12:35:00+00:00
2025-06-05 15:34:03,127 - apscheduler.scheduler - INFO - Added job "5975258830_morning" to job store "default"
2025-06-05 15:34:03,129 - bot - INFO - ✅ Создана утренняя задача на 12:34:00+00:00
2025-06-05 15:34:03,131 - apscheduler.scheduler - INFO - Added job "5975258830_evening" to job store "default"
2025-06-05 15:34:03,134 - bot - INFO - ✅ Создана вечерняя задача на 12:35:00+00:00
2025-06-05 15:34:12,938 - apscheduler.scheduler - INFO - Removed job 69bf55c547934554bc6abd3ac66bd0fc
2025-06-05 15:34:12,939 - bot - INFO - Removed job: 5975258830_morning
2025-06-05 15:34:12,941 - apscheduler.scheduler - INFO - Removed job 3780778743de439fa86a17399b90c4b0
2025-06-05 15:34:12,944 - bot - INFO - Removed job: 5975258830_evening
2025-06-05 15:35:02,704 - apscheduler.executors.default - INFO - Running job "5965363034_evening (trigger: cron[day_of_week='sun,mon,tue,wed,thu,fri,sat', hour='12', minute='35', second='0'], next run at: 2025-06-06 12:35:00 UTC)" (scheduled at 2025-06-05 12:35:00+00:00)
2025-06-05 15:35:04,152 - apscheduler.executors.default - INFO - Job "5965363034_evening (trigger: cron[day_of_week='sun,mon,tue,wed,thu,fri,sat', hour='12', minute='35', second='0'], next run at: 2025-06-06 12:35:00 UTC)" executed successfully
2025-06-05 15:35:18,538 - bot - INFO - === ВРЕМЯ ДЛЯ ПОЛЬЗОВАТЕЛЯ 5975258830 ===
2025-06-05 15:35:18,539 - bot - INFO - Утром: 12:34:00+00:00
2025-06-05 15:35:18,539 - bot - INFO - Вечером: 12:35:00+00:00
2025-06-05 15:35:18,541 - apscheduler.scheduler - INFO - Added job "5975258830_morning" to job store "default"
2025-06-05 15:35:18,543 - bot - INFO - ✅ Создана утренняя задача на 12:34:00+00:00
2025-06-05 15:35:18,545 - apscheduler.scheduler - INFO - Added job "5975258830_evening" to job store "default"
2025-06-05 15:35:18,546 - bot - INFO - ✅ Создана вечерняя задача на 12:35:00+00:00
2025-06-05 15:35:25,835 - apscheduler.scheduler - INFO - Removed job ff48a1b653ea42a6acc112d6474837ff
2025-06-05 15:35:25,836 - bot - INFO - Удалена старая задача: 5965363034_morning
2025-06-05 15:35:25,837 - apscheduler.scheduler - INFO - Removed job b417466ae06c41de9f48b9e343628c85
2025-06-05 15:35:25,839 - bot - INFO - Удалена старая задача: 5965363034_evening
2025-06-05 15:35:25,840 - bot - INFO - === ВРЕМЯ ДЛЯ ПОЛЬЗОВАТЕЛЯ 5965363034 ===
2025-06-05 15:35:25,841 - bot - INFO - Утром: 12:34:00+00:00
2025-06-05 15:35:25,842 - bot - INFO - Вечером: 12:35:00+00:00
2025-06-05 15:35:25,845 - apscheduler.scheduler - INFO - Added job "5965363034_morning" to job store "default"
2025-06-05 15:35:25,846 - bot - INFO - ✅ Создана утренняя задача на 12:34:00+00:00
2025-06-05 15:35:25,848 - apscheduler.scheduler - INFO - Added job "5965363034_evening" to job store "default"
2025-06-05 15:35:25,849 - bot - INFO - ✅ Создана вечерняя задача на 12:35:00+00:00
2025-06-05 15:35:30,881 - telegram.ext.Application - INFO - Application is stopping. This might take a moment.
2025-06-05 15:35:30,884 - apscheduler.scheduler - INFO - Scheduler has been shut down
2025-06-05 15:35:30,895 - telegram.ext.Application - INFO - Application.stop() complete
2025-06-05 15:35:30,899 - __main__ - INFO - === Бот запущен успешно ===
2025-06-05 15:36:16,347 - __main__ - INFO - === Запуск бота ===
2025-06-05 15:36:17,392 - bot - INFO - === Начало запуска бота ===
2025-06-05 15:36:17,395 - bot - INFO - === Перезагрузка конфига ===
2025-06-05 15:36:17,420 - bot - INFO - === Создание приложения ===
2025-06-05 15:36:17,658 - bot - INFO - === ОЧИСТКА ВСЕХ ЗАДАЧ ===
2025-06-05 15:36:17,660 - bot - INFO - === ВРЕМЯ ИЗ CONFIG.PY ===
2025-06-05 15:36:17,661 - bot - INFO - Утреннее время: 12:37:00+00:00
2025-06-05 15:36:17,661 - bot - INFO - Вечернее время: 12:38:00+00:00
2025-06-05 15:36:17,662 - bot - INFO - Loading existing users and scheduling jobs...
2025-06-05 15:36:17,671 - bot - INFO - === ВРЕМЯ ДЛЯ ПОЛЬЗОВАТЕЛЯ 5975258830 ===
2025-06-05 15:36:17,672 - bot - INFO - Утром: 12:37:00+00:00
2025-06-05 15:36:17,673 - bot - INFO - Вечером: 12:38:00+00:00
2025-06-05 15:36:17,684 - apscheduler.scheduler - INFO - Adding job tentatively -- it will be properly scheduled when the scheduler starts
2025-06-05 15:36:17,687 - bot - INFO - ✅ Создана утренняя задача на 12:37:00+00:00
2025-06-05 15:36:17,691 - apscheduler.scheduler - INFO - Adding job tentatively -- it will be properly scheduled when the scheduler starts
2025-06-05 15:36:17,693 - bot - INFO - ✅ Создана вечерняя задача на 12:38:00+00:00
2025-06-05 15:36:17,695 - bot - INFO - === ВРЕМЯ ДЛЯ ПОЛЬЗОВАТЕЛЯ 5965363034 ===
2025-06-05 15:36:17,696 - bot - INFO - Утром: 12:37:00+00:00
2025-06-05 15:36:17,698 - bot - INFO - Вечером: 12:38:00+00:00
2025-06-05 15:36:17,702 - apscheduler.scheduler - INFO - Adding job tentatively -- it will be properly scheduled when the scheduler starts
2025-06-05 15:36:17,703 - bot - INFO - ✅ Создана утренняя задача на 12:37:00+00:00
2025-06-05 15:36:17,705 - apscheduler.scheduler - INFO - Adding job tentatively -- it will be properly scheduled when the scheduler starts
2025-06-05 15:36:17,708 - bot - INFO - ✅ Создана вечерняя задача на 12:38:00+00:00
2025-06-05 15:36:17,710 - bot - INFO - === Бот запущен успешно ===
2025-06-05 15:36:17,711 - bot - INFO - === Токен бота: 77598...XD_Yw ===
2025-06-05 15:36:19,378 - apscheduler.scheduler - INFO - Added job "5975258830_morning" to job store "default"
2025-06-05 15:36:19,381 - apscheduler.scheduler - INFO - Added job "5975258830_evening" to job store "default"
2025-06-05 15:36:19,386 - apscheduler.scheduler - INFO - Added job "5965363034_morning" to job store "default"
2025-06-05 15:36:19,394 - apscheduler.scheduler - INFO - Added job "5965363034_evening" to job store "default"
2025-06-05 15:36:19,396 - apscheduler.scheduler - INFO - Scheduler started
2025-06-05 15:36:19,398 - telegram.ext.Application - INFO - Application started
2025-06-05 15:37:02,761 - apscheduler.executors.default - INFO - Running job "5975258830_morning (trigger: cron[day_of_week='sun,mon,tue,wed,thu,fri,sat', hour='12', minute='37', second='0'], next run at: 2025-06-06 12:37:00 UTC)" (scheduled at 2025-06-05 12:37:00+00:00)
2025-06-05 15:37:02,763 - apscheduler.executors.default - INFO - Running job "5965363034_morning (trigger: cron[day_of_week='sun,mon,tue,wed,thu,fri,sat', hour='12', minute='37', second='0'], next run at: 2025-06-06 12:37:00 UTC)" (scheduled at 2025-06-05 12:37:00+00:00)
2025-06-05 15:37:03,975 - apscheduler.executors.default - INFO - Job "5975258830_morning (trigger: cron[day_of_week='sun,mon,tue,wed,thu,fri,sat', hour='12', minute='37', second='0'], next run at: 2025-06-06 12:37:00 UTC)" executed successfully
2025-06-05 15:37:04,095 - apscheduler.executors.default - INFO - Job "5965363034_morning (trigger: cron[day_of_week='sun,mon,tue,wed,thu,fri,sat', hour='12', minute='37', second='0'], next run at: 2025-06-06 12:37:00 UTC)" executed successfully
2025-06-05 15:38:01,473 - apscheduler.executors.default - INFO - Running job "5965363034_evening (trigger: cron[day_of_week='sun,mon,tue,wed,thu,fri,sat', hour='12', minute='38', second='0'], next run at: 2025-06-06 12:38:00 UTC)" (scheduled at 2025-06-05 12:38:00+00:00)
2025-06-05 15:38:01,479 - apscheduler.executors.default - INFO - Running job "5975258830_evening (trigger: cron[day_of_week='sun,mon,tue,wed,thu,fri,sat', hour='12', minute='38', second='0'], next run at: 2025-06-06 12:38:00 UTC)" (scheduled at 2025-06-05 12:38:00+00:00)
2025-06-05 15:38:02,759 - apscheduler.executors.default - INFO - Job "5975258830_evening (trigger: cron[day_of_week='sun,mon,tue,wed,thu,fri,sat', hour='12', minute='38', second='0'], next run at: 2025-06-06 12:38:00 UTC)" executed successfully
2025-06-05 15:38:03,683 - apscheduler.executors.default - INFO - Job "5965363034_evening (trigger: cron[day_of_week='sun,mon,tue,wed,thu,fri,sat', hour='12', minute='38', second='0'], next run at: 2025-06-06 12:38:00 UTC)" executed successfully
2025-06-05 15:39:22,471 - telegram.ext.Application - INFO - Application is stopping. This might take a moment.
2025-06-05 15:39:22,473 - apscheduler.scheduler - INFO - Scheduler has been shut down
2025-06-05 15:39:22,484 - telegram.ext.Application - INFO - Application.stop() complete
2025-06-05 15:39:22,488 - __main__ - INFO - === Бот запущен успешно ===
2025-06-05 15:41:58,122 - __main__ - INFO - === Запуск бота ===
2025-06-05 15:41:59,937 - bot - INFO - === Начало запуска бота ===
2025-06-05 15:41:59,938 - bot - INFO - === Перезагрузка конфига ===
2025-06-05 15:41:59,964 - bot - INFO - === Создание приложения ===
2025-06-05 15:42:00,523 - bot - INFO - === ОЧИСТКА ВСЕХ ЗАДАЧ ===
2025-06-05 15:42:00,524 - bot - INFO - === ВРЕМЯ ИЗ CONFIG.PY ===
2025-06-05 15:42:00,526 - bot - INFO - Утреннее время: 12:43:00+00:00
2025-06-05 15:42:00,528 - bot - INFO - Вечернее время: 12:44:00+00:00
2025-06-05 15:42:00,529 - bot - INFO - Loading existing users and scheduling jobs...
2025-06-05 15:42:00,541 - bot - INFO - === Бот запущен успешно ===
2025-06-05 15:42:00,543 - bot - INFO - === Токен бота: 77598...XD_Yw ===
2025-06-05 15:42:04,097 - apscheduler.scheduler - INFO - Scheduler started
2025-06-05 15:42:04,099 - telegram.ext.Application - INFO - Application started
2025-06-05 15:42:10,116 - user_data_manager - INFO - New user created: 5965363034 (GoidaSegun)
2025-06-05 15:42:11,401 - bot - INFO - Sent start video note to user 5965363034
2025-06-05 15:42:12,177 - user_data_manager - INFO - New user created: 5975258830 (masimbbb)
2025-06-05 15:42:12,718 - bot - INFO - Sent start video note to user 5975258830
2025-06-05 15:42:14,480 - bot - INFO - === ВРЕМЯ ДЛЯ ПОЛЬЗОВАТЕЛЯ 5965363034 ===
2025-06-05 15:42:14,487 - bot - INFO - Утром: 12:43:00+00:00
2025-06-05 15:42:14,493 - bot - INFO - Вечером: 12:44:00+00:00
2025-06-05 15:42:14,532 - apscheduler.scheduler - INFO - Added job "5965363034_morning" to job store "default"
2025-06-05 15:42:14,534 - bot - INFO - ✅ Создана утренняя задача на 12:43:00+00:00
2025-06-05 15:42:14,539 - apscheduler.scheduler - INFO - Added job "5965363034_evening" to job store "default"
2025-06-05 15:42:14,543 - bot - INFO - ✅ Создана вечерняя задача на 12:44:00+00:00
2025-06-05 15:43:01,557 - apscheduler.executors.default - INFO - Running job "5965363034_morning (trigger: cron[day_of_week='sun,mon,tue,wed,thu,fri,sat', hour='12', minute='43', second='0'], next run at: 2025-06-06 12:43:00 UTC)" (scheduled at 2025-06-05 12:43:00+00:00)
2025-06-05 15:43:02,127 - bot - INFO - === ВРЕМЯ ДЛЯ ПОЛЬЗОВАТЕЛЯ 5975258830 ===
2025-06-05 15:43:02,130 - bot - INFO - Утром: 12:43:00+00:00
2025-06-05 15:43:02,133 - bot - INFO - Вечером: 12:44:00+00:00
2025-06-05 15:43:02,137 - apscheduler.scheduler - INFO - Added job "5975258830_morning" to job store "default"
2025-06-05 15:43:02,139 - bot - INFO - ✅ Создана утренняя задача на 12:43:00+00:00
2025-06-05 15:43:02,141 - apscheduler.scheduler - INFO - Added job "5975258830_evening" to job store "default"
2025-06-05 15:43:02,144 - bot - INFO - ✅ Создана вечерняя задача на 12:44:00+00:00
2025-06-05 15:43:02,892 - apscheduler.executors.default - INFO - Job "5965363034_morning (trigger: cron[day_of_week='sun,mon,tue,wed,thu,fri,sat', hour='12', minute='43', second='0'], next run at: 2025-06-06 12:43:00 UTC)" executed successfully
2025-06-05 15:44:02,980 - apscheduler.executors.default - INFO - Running job "5975258830_evening (trigger: cron[day_of_week='sun,mon,tue,wed,thu,fri,sat', hour='12', minute='44', second='0'], next run at: 2025-06-06 12:44:00 UTC)" (scheduled at 2025-06-05 12:44:00+00:00)
2025-06-05 15:44:02,982 - apscheduler.executors.default - INFO - Running job "5965363034_evening (trigger: cron[day_of_week='sun,mon,tue,wed,thu,fri,sat', hour='12', minute='44', second='0'], next run at: 2025-06-06 12:44:00 UTC)" (scheduled at 2025-06-05 12:44:00+00:00)
2025-06-05 15:44:04,601 - apscheduler.executors.default - INFO - Job "5965363034_evening (trigger: cron[day_of_week='sun,mon,tue,wed,thu,fri,sat', hour='12', minute='44', second='0'], next run at: 2025-06-06 12:44:00 UTC)" executed successfully
2025-06-05 15:44:04,603 - apscheduler.executors.default - INFO - Job "5975258830_evening (trigger: cron[day_of_week='sun,mon,tue,wed,thu,fri,sat', hour='12', minute='44', second='0'], next run at: 2025-06-06 12:44:00 UTC)" executed successfully
2025-06-05 15:44:38,308 - apscheduler.scheduler - INFO - Removed job d055f237a7dd4e9abefcca07dae7a959
2025-06-05 15:44:38,309 - bot - INFO - Удалена старая задача: 5965363034_morning
2025-06-05 15:44:38,310 - apscheduler.scheduler - INFO - Removed job f59c0cc0248e4ea2b743c2551360ed1f
2025-06-05 15:44:38,311 - bot - INFO - Удалена старая задача: 5965363034_evening
2025-06-05 15:44:38,312 - bot - INFO - === ВРЕМЯ ДЛЯ ПОЛЬЗОВАТЕЛЯ 5965363034 ===
2025-06-05 15:44:38,314 - bot - INFO - Утром: 12:43:00+00:00
2025-06-05 15:44:38,316 - bot - INFO - Вечером: 12:44:00+00:00
2025-06-05 15:44:38,322 - apscheduler.scheduler - INFO - Added job "5965363034_morning" to job store "default"
2025-06-05 15:44:38,323 - bot - INFO - ✅ Создана утренняя задача на 12:43:00+00:00
2025-06-05 15:44:38,326 - apscheduler.scheduler - INFO - Added job "5965363034_evening" to job store "default"
2025-06-05 15:44:38,328 - bot - INFO - ✅ Создана вечерняя задача на 12:44:00+00:00
2025-06-05 15:44:57,447 - telegram.ext.Application - INFO - Application is stopping. This might take a moment.
2025-06-05 15:44:57,449 - apscheduler.scheduler - INFO - Scheduler has been shut down
2025-06-05 15:44:57,460 - telegram.ext.Application - INFO - Application.stop() complete
2025-06-05 15:44:57,463 - __main__ - INFO - === Бот запущен успешно ===
2025-06-05 15:45:52,240 - __main__ - INFO - === Запуск бота ===
2025-06-05 15:45:54,271 - bot - INFO - === Начало запуска бота ===
2025-06-05 15:45:54,272 - bot - INFO - === Перезагрузка конфига ===
2025-06-05 15:45:54,293 - bot - INFO - === Создание приложения ===
2025-06-05 15:45:54,588 - bot - INFO - === ОЧИСТКА ВСЕХ ЗАДАЧ ===
2025-06-05 15:45:54,589 - bot - INFO - === ВРЕМЯ ИЗ CONFIG.PY ===
2025-06-05 15:45:54,591 - bot - INFO - Утреннее время: 12:47:00+00:00
2025-06-05 15:45:54,592 - bot - INFO - Вечернее время: 12:48:00+00:00
2025-06-05 15:45:54,593 - bot - INFO - Loading existing users and scheduling jobs...
2025-06-05 15:45:54,603 - bot - INFO - === ВРЕМЯ ДЛЯ ПОЛЬЗОВАТЕЛЯ 5965363034 ===
2025-06-05 15:45:54,604 - bot - INFO - Утром: 12:47:00+00:00
2025-06-05 15:45:54,606 - bot - INFO - Вечером: 12:48:00+00:00
2025-06-05 15:45:54,617 - apscheduler.scheduler - INFO - Adding job tentatively -- it will be properly scheduled when the scheduler starts
2025-06-05 15:45:54,618 - bot - INFO - ✅ Создана утренняя задача на 12:47:00+00:00
2025-06-05 15:45:54,621 - apscheduler.scheduler - INFO - Adding job tentatively -- it will be properly scheduled when the scheduler starts
2025-06-05 15:45:54,622 - bot - INFO - ✅ Создана вечерняя задача на 12:48:00+00:00
2025-06-05 15:45:54,624 - bot - INFO - === ВРЕМЯ ДЛЯ ПОЛЬЗОВАТЕЛЯ 5975258830 ===
2025-06-05 15:45:54,625 - bot - INFO - Утром: 12:47:00+00:00
2025-06-05 15:45:54,625 - bot - INFO - Вечером: 12:48:00+00:00
2025-06-05 15:45:54,627 - apscheduler.scheduler - INFO - Adding job tentatively -- it will be properly scheduled when the scheduler starts
2025-06-05 15:45:54,628 - bot - INFO - ✅ Создана утренняя задача на 12:47:00+00:00
2025-06-05 15:45:54,630 - apscheduler.scheduler - INFO - Adding job tentatively -- it will be properly scheduled when the scheduler starts
2025-06-05 15:45:54,631 - bot - INFO - ✅ Создана вечерняя задача на 12:48:00+00:00
2025-06-05 15:45:54,633 - bot - INFO - === Бот запущен успешно ===
2025-06-05 15:45:54,634 - bot - INFO - === Токен бота: 77598...XD_Yw ===
2025-06-05 15:45:56,593 - apscheduler.scheduler - INFO - Added job "5965363034_morning" to job store "default"
2025-06-05 15:45:56,595 - apscheduler.scheduler - INFO - Added job "5965363034_evening" to job store "default"
2025-06-05 15:45:56,596 - apscheduler.scheduler - INFO - Added job "5975258830_morning" to job store "default"
2025-06-05 15:45:56,597 - apscheduler.scheduler - INFO - Added job "5975258830_evening" to job store "default"
2025-06-05 15:45:56,598 - apscheduler.scheduler - INFO - Scheduler started
2025-06-05 15:45:56,600 - telegram.ext.Application - INFO - Application started
2025-06-05 15:47:02,870 - apscheduler.executors.default - INFO - Running job "5965363034_morning (trigger: cron[day_of_week='sun,mon,tue,wed,thu,fri,sat', hour='12', minute='47', second='0'], next run at: 2025-06-06 12:47:00 UTC)" (scheduled at 2025-06-05 12:47:00+00:00)
2025-06-05 15:47:02,871 - apscheduler.executors.default - INFO - Running job "5975258830_morning (trigger: cron[day_of_week='sun,mon,tue,wed,thu,fri,sat', hour='12', minute='47', second='0'], next run at: 2025-06-06 12:47:00 UTC)" (scheduled at 2025-06-05 12:47:00+00:00)
2025-06-05 15:47:04,757 - apscheduler.executors.default - INFO - Job "5965363034_morning (trigger: cron[day_of_week='sun,mon,tue,wed,thu,fri,sat', hour='12', minute='47', second='0'], next run at: 2025-06-06 12:47:00 UTC)" executed successfully
2025-06-05 15:47:04,823 - apscheduler.executors.default - INFO - Job "5975258830_morning (trigger: cron[day_of_week='sun,mon,tue,wed,thu,fri,sat', hour='12', minute='47', second='0'], next run at: 2025-06-06 12:47:00 UTC)" executed successfully
2025-06-05 15:48:02,870 - apscheduler.executors.default - INFO - Running job "5965363034_evening (trigger: cron[day_of_week='sun,mon,tue,wed,thu,fri,sat', hour='12', minute='48', second='0'], next run at: 2025-06-06 12:48:00 UTC)" (scheduled at 2025-06-05 12:48:00+00:00)
2025-06-05 15:48:02,871 - apscheduler.executors.default - INFO - Running job "5975258830_evening (trigger: cron[day_of_week='sun,mon,tue,wed,thu,fri,sat', hour='12', minute='48', second='0'], next run at: 2025-06-06 12:48:00 UTC)" (scheduled at 2025-06-05 12:48:00+00:00)
2025-06-05 15:48:02,886 - apscheduler.executors.default - INFO - Job "5975258830_evening (trigger: cron[day_of_week='sun,mon,tue,wed,thu,fri,sat', hour='12', minute='48', second='0'], next run at: 2025-06-06 12:48:00 UTC)" executed successfully
2025-06-05 15:48:04,324 - apscheduler.executors.default - INFO - Job "5965363034_evening (trigger: cron[day_of_week='sun,mon,tue,wed,thu,fri,sat', hour='12', minute='48', second='0'], next run at: 2025-06-06 12:48:00 UTC)" executed successfully
2025-06-05 15:48:38,350 - telegram.ext.Application - INFO - Application is stopping. This might take a moment.
2025-06-05 15:48:38,352 - apscheduler.scheduler - INFO - Scheduler has been shut down
2025-06-05 15:48:38,363 - telegram.ext.Application - INFO - Application.stop() complete
2025-06-05 15:48:38,365 - __main__ - INFO - === Бот запущен успешно ===
